<?xml version="1.0" encoding="UTF-8"?>
<!-- Generated by org.testng.reporters.JUnitReportReporter -->
<testsuite skipped="0" hostname="CDC2-D-CHCSXJ2" name="test.test2" tests="1" failures="0" timestamp="10 Mar 2020 10:52:34 GMT" time="0.000" errors="0">
  <testcase name="f" time="0.000" classname="test.test2"/>
</testsuite> <!-- test.test2 -->
