<?xml version="1.0" encoding="UTF-8"?>
<!-- Generated by org.testng.reporters.JUnitReportReporter -->
<testsuite skipped="0" hostname="CDC2-D-CHCSXJ2" name="test.test1" tests="1" failures="0" timestamp="10 Mar 2020 10:52:34 GMT" time="0.022" errors="0">
  <testcase name="f" time="0.022" classname="test.test1"/>
</testsuite> <!-- test.test1 -->
